<?xml version="1.0" encoding="UTF-8"?>
<!-- Generated by org.testng.reporters.JUnitReportReporter -->
<testsuite hostname="NOTEBOOK" failures="0" tests="2" name="qaclickacademy.Mavenjava.AppiumTest" time="0.016" errors="0" timestamp="2021-09-16T07:14:32 IST" skipped="0">
  <testcase classname="qaclickacademy.Mavenjava.AppiumTest" name="elementsUi" time="0.003"/>
  <system-out/>
  <testcase classname="qaclickacademy.Mavenjava.AppiumTest" name="BrowserAutomation" time="0.013"/>
  <system-out/>
</testsuite> <!-- qaclickacademy.Mavenjava.AppiumTest -->
