<?xml version="1.0" encoding="UTF-8"?>
<!-- Generated by org.testng.reporters.JUnitReportReporter -->
<testsuite hostname="NOTEBOOK" failures="0" tests="2" name="qaclickacademy.Mavenjava.RestApiTest" time="0.018" errors="0" timestamp="2021-09-23T16:46:30 IST" skipped="0">
  <testcase classname="qaclickacademy.Mavenjava.RestApiTest" name="postJira" time="0.002"/>
  <system-out/>
  <testcase classname="qaclickacademy.Mavenjava.RestApiTest" name="deleteTwitter" time="0.016"/>
  <system-out/>
</testsuite> <!-- qaclickacademy.Mavenjava.RestApiTest -->
