<?xml version="1.0" encoding="UTF-8"?>
<!-- Generated by org.testng.reporters.JUnitReportReporter -->
<testsuite skipped="0" hostname="NOTEBOOK" name="qaclickacademy.Mavenjava.SeleniumTest" tests="2" failures="0" timestamp="2021-09-16T11:37:57 IST" time="0.006" errors="0">
  <testcase name="elementsUi" time="0.006" classname="qaclickacademy.Mavenjava.SeleniumTest"/>
  <system-out/>
  <testcase name="browserAutomation" time="0.000" classname="qaclickacademy.Mavenjava.SeleniumTest"/>
  <system-out/>
</testsuite> <!-- qaclickacademy.Mavenjava.SeleniumTest -->
